-----------------------------构建第1颗树-----------------------------
--树的深度：0
('----划分特征：', 'age')
('----划分特征：', 'weight')
('--最佳划分特征：', 'age')
('--最佳划分值：', <mpyc.sectypes.SecInt32 object at 0x7f6d27177610>)
--树的深度：1
('----划分特征：', 'age')
('----划分特征：', 'weight')
('--最佳划分特征：', 'age')
('--最佳划分值：', <mpyc.sectypes.SecInt32 object at 0x7f6d2718dfd0>)
('叶子节点预测值：', -8)
('叶子节点预测值：', -4)
--树的深度：1
('----划分特征：', 'age')
('----划分特征：', 'weight')
('--最佳划分特征：', 'age')
('--最佳划分值：', <mpyc.sectypes.SecInt32 object at 0x7f6d27189700>)
('叶子节点预测值：', 4)
('叶子节点预测值：', 6)
